[ 2026-02-05 01:38:02,761 ] 42 root - INFO - Start data Ingestion
[ 2026-02-05 01:38:08,937 ] 74 root - INFO - Performed train test split on the dataframe
[ 2026-02-05 01:38:08,939 ] 76 root - INFO - Exited split_data_as_train_test method of Data_Ingestion class
[ 2026-02-05 01:38:08,941 ] 84 root - INFO - Exporting train and test file path.
[ 2026-02-05 01:38:09,017 ] 93 root - INFO - Exported train and test file path.
[ 2026-02-05 01:38:09,018 ] 45 root - INFO - Data Ingestion completed and artifact: DataIngestionArtifact(trained_file_path='Artifacts\\02_05_2026_01_36_40\\data_ingestion\\ingested\\train.csv', test_file_path='Artifacts\\02_05_2026_01_36_40\\data_ingestion\\ingested\\test.csv')
[ 2026-02-05 01:38:09,030 ] 55 root - INFO - Initiate the data Validation
[ 2026-02-05 01:38:09,134 ] 32 root - INFO - Required number of columns:2
[ 2026-02-05 01:38:09,134 ] 33 root - INFO - Data frame has columns:31
[ 2026-02-05 01:38:09,134 ] 32 root - INFO - Required number of columns:2
[ 2026-02-05 01:38:09,134 ] 33 root - INFO - Data frame has columns:31
[ 2026-02-05 01:38:09,393 ] 63 root - INFO - Entered initiate_data_transformation method of DataTransformation class
[ 2026-02-05 01:38:09,393 ] 65 root - INFO - Starting data transformation
[ 2026-02-05 01:38:09,450 ] 48 root - INFO - Entered get_data_trnasformer_object method of Trnasformation class
[ 2026-02-05 01:38:09,456 ] 53 root - INFO - Initialise KNNImputer with {'missing_values': nan, 'n_neighbors': 3, 'weights': 'uniform'}
[ 2026-02-05 01:38:09,519 ] 46 root - INFO - Entered the save_object method of MainUtils class
[ 2026-02-05 01:38:09,529 ] 50 root - INFO - Exited the save_object method of MainUtils class
[ 2026-02-05 01:38:09,531 ] 46 root - INFO - Entered the save_object method of MainUtils class
[ 2026-02-05 01:38:09,539 ] 50 root - INFO - Exited the save_object method of MainUtils class
[ 2026-02-05 01:41:26,665 ] 74 root - WARNING - MLflow tracking failed: 403: You have reached the limit of 100 experiments for a private repository in the free plan.
Please upgrade to the Starter plan to increase the limit at https://dagshub.com/pricing?repo_id=52439
[ 2026-02-05 01:41:27,130 ] 74 root - WARNING - MLflow tracking failed: 403: You have reached the limit of 100 experiments for a private repository in the free plan.
Please upgrade to the Starter plan to increase the limit at https://dagshub.com/pricing?repo_id=52439
[ 2026-02-05 01:41:27,151 ] 46 root - INFO - Entered the save_object method of MainUtils class
[ 2026-02-05 01:41:27,154 ] 50 root - INFO - Exited the save_object method of MainUtils class
[ 2026-02-05 01:41:27,154 ] 46 root - INFO - Entered the save_object method of MainUtils class
[ 2026-02-05 01:41:27,200 ] 50 root - INFO - Exited the save_object method of MainUtils class
[ 2026-02-05 01:41:27,200 ] 154 root - INFO - Model trainer artifact: ModelTrainerArtifact(trained_model_file_path='Artifacts\\02_05_2026_01_36_40\\model_trainer\\trained_model\\model.pkl', train_metric_artifact=ClassificationMetricArtifact(f1_score=0.9908685064935064, precision_score=0.9878616224964596, recall_score=0.9938937512721352), test_metric_artifact=ClassificationMetricArtifact(f1_score=0.9752791068580543, precision_score=0.9675632911392406, recall_score=0.9831189710610932))
