[ 2026-02-05 02:12:09,192 ] 42 root - INFO - Start data Ingestion
[ 2026-02-05 02:20:05,236 ] 74 root - INFO - Performed train test split on the dataframe
[ 2026-02-05 02:20:05,241 ] 76 root - INFO - Exited split_data_as_train_test method of Data_Ingestion class
[ 2026-02-05 02:20:05,242 ] 84 root - INFO - Exporting train and test file path.
[ 2026-02-05 02:20:05,298 ] 93 root - INFO - Exported train and test file path.
[ 2026-02-05 02:20:05,301 ] 45 root - INFO - Data Ingestion completed and artifact: DataIngestionArtifact(trained_file_path='Artifacts\\02_05_2026_02_11_47\\data_ingestion\\ingested\\train.csv', test_file_path='Artifacts\\02_05_2026_02_11_47\\data_ingestion\\ingested\\test.csv')
[ 2026-02-05 02:20:05,329 ] 55 root - INFO - Initiate the data Validation
[ 2026-02-05 02:20:05,477 ] 32 root - INFO - Required number of columns:2
[ 2026-02-05 02:20:05,477 ] 33 root - INFO - Data frame has columns:31
[ 2026-02-05 02:20:05,479 ] 32 root - INFO - Required number of columns:2
[ 2026-02-05 02:20:05,479 ] 33 root - INFO - Data frame has columns:31
[ 2026-02-05 02:20:05,667 ] 63 root - INFO - Entered initiate_data_transformation method of DataTransformation class
[ 2026-02-05 02:20:05,667 ] 65 root - INFO - Starting data transformation
[ 2026-02-05 02:20:05,701 ] 48 root - INFO - Entered get_data_trnasformer_object method of Trnasformation class
[ 2026-02-05 02:20:05,701 ] 53 root - INFO - Initialise KNNImputer with {'missing_values': nan, 'n_neighbors': 3, 'weights': 'uniform'}
[ 2026-02-05 02:20:05,741 ] 46 root - INFO - Entered the save_object method of MainUtils class
[ 2026-02-05 02:20:05,751 ] 50 root - INFO - Exited the save_object method of MainUtils class
[ 2026-02-05 02:20:05,751 ] 46 root - INFO - Entered the save_object method of MainUtils class
[ 2026-02-05 02:20:05,751 ] 50 root - INFO - Exited the save_object method of MainUtils class
[ 2026-02-05 02:23:04,527 ] 74 root - WARNING - MLflow tracking failed: 403: You have reached the limit of 100 experiments for a private repository in the free plan.
Please upgrade to the Starter plan to increase the limit at https://dagshub.com/pricing?repo_id=52439
[ 2026-02-05 02:23:04,910 ] 74 root - WARNING - MLflow tracking failed: 403: You have reached the limit of 100 experiments for a private repository in the free plan.
Please upgrade to the Starter plan to increase the limit at https://dagshub.com/pricing?repo_id=52439
[ 2026-02-05 02:23:04,933 ] 46 root - INFO - Entered the save_object method of MainUtils class
[ 2026-02-05 02:23:04,934 ] 50 root - INFO - Exited the save_object method of MainUtils class
[ 2026-02-05 02:23:04,934 ] 46 root - INFO - Entered the save_object method of MainUtils class
[ 2026-02-05 02:23:04,965 ] 50 root - INFO - Exited the save_object method of MainUtils class
[ 2026-02-05 02:23:04,966 ] 154 root - INFO - Model trainer artifact: ModelTrainerArtifact(trained_model_file_path='Artifacts\\02_05_2026_02_11_47\\model_trainer\\trained_model\\model.pkl', train_metric_artifact=ClassificationMetricArtifact(f1_score=0.9913538805818329, precision_score=0.9884381338742394, recall_score=0.9942868802285247), test_metric_artifact=ClassificationMetricArtifact(f1_score=0.9735700197238658, precision_score=0.9648162627052385, recall_score=0.982484076433121))
