[ 2025-08-04 18:48:14,708 ] 1025 httpx - INFO - HTTP Request: GET https://dagshub.com/api/v1/user "HTTP/1.1 200 OK"
[ 2025-08-04 18:48:14,714 ] 107 dagshub - INFO - Accessing as sukhijashivam
[ 2025-08-04 18:48:15,098 ] 1025 httpx - INFO - HTTP Request: GET https://dagshub.com/api/v1/repos/sukhijashivam/NetworkSecurity "HTTP/1.1 200 OK"
[ 2025-08-04 18:48:15,540 ] 1025 httpx - INFO - HTTP Request: GET https://dagshub.com/api/v1/user "HTTP/1.1 200 OK"
[ 2025-08-04 18:48:15,542 ] 107 dagshub - INFO - Initialized MLflow to track repo "sukhijashivam/NetworkSecurity"
[ 2025-08-04 18:48:15,543 ] 107 dagshub - INFO - Repository sukhijashivam/NetworkSecurity initialized!
[ 2025-08-04 18:48:15,545 ] 20 root - INFO - Initiate the data ingestion
[ 2025-08-04 18:48:15,612 ] 37 root - INFO - Trying to fetch data from MongoDB...
[ 2025-08-04 18:48:15,612 ] 39 root - INFO - Step 2: Fetching data from MongoDB
[ 2025-08-04 18:48:20,548 ] 41 root - INFO - Step 3: Fetched 11055 records
[ 2025-08-04 18:48:20,604 ] 68 root - INFO - Performed train test split on the dataframe
[ 2025-08-04 18:48:20,604 ] 70 root - INFO - Exited split_data_as_train_test method of Data_Ingestion class
[ 2025-08-04 18:48:20,605 ] 78 root - INFO - Exporting train and test file path.
[ 2025-08-04 18:48:20,643 ] 87 root - INFO - Exported train and test file path.
[ 2025-08-04 18:48:20,643 ] 22 root - INFO - Data initiation completed
[ 2025-08-04 18:48:20,648 ] 27 root - INFO - Initiate Data Validation
[ 2025-08-04 18:48:20,707 ] 32 root - INFO - Required number of columns:2
[ 2025-08-04 18:48:20,708 ] 33 root - INFO - Data frame has columns:31
[ 2025-08-04 18:48:20,708 ] 32 root - INFO - Required number of columns:2
[ 2025-08-04 18:48:20,708 ] 33 root - INFO - Data frame has columns:31
[ 2025-08-04 18:48:20,830 ] 29 root - INFO - Data validation completed
[ 2025-08-04 18:48:20,830 ] 33 root - INFO - Data Transformation started
[ 2025-08-04 18:48:20,830 ] 63 root - INFO - Entered initiate_data_transformation method of DataTransformation class
[ 2025-08-04 18:48:20,831 ] 65 root - INFO - Starting data transformation
[ 2025-08-04 18:48:20,856 ] 48 root - INFO - Entered get_data_trnasformer_object method of Trnasformation class
[ 2025-08-04 18:48:20,857 ] 53 root - INFO - Initialise KNNImputer with {'missing_values': nan, 'n_neighbors': 3, 'weights': 'uniform'}
[ 2025-08-04 18:48:20,869 ] 46 root - INFO - Entered the save_object method of MainUtils class
[ 2025-08-04 18:48:20,871 ] 50 root - INFO - Exited the save_object method of MainUtils class
[ 2025-08-04 18:48:20,871 ] 46 root - INFO - Entered the save_object method of MainUtils class
[ 2025-08-04 18:48:20,874 ] 50 root - INFO - Exited the save_object method of MainUtils class
[ 2025-08-04 18:48:20,875 ] 37 root - INFO - Data Transformation completed
[ 2025-08-04 18:48:20,875 ] 39 root - INFO - Model Training Started
[ 2025-08-04 18:50:59,414 ] 46 root - INFO - Entered the save_object method of MainUtils class
[ 2025-08-04 18:50:59,414 ] 50 root - INFO - Exited the save_object method of MainUtils class
[ 2025-08-04 18:50:59,414 ] 46 root - INFO - Entered the save_object method of MainUtils class
[ 2025-08-04 18:50:59,419 ] 50 root - INFO - Exited the save_object method of MainUtils class
[ 2025-08-04 18:50:59,419 ] 151 root - INFO - Model trainer artifact: ModelTrainerArtifact(trained_model_file_path='Artifacts\\08_04_2025_18_48_11\\model_trainer\\trained_model\\model.pkl', train_metric_artifact=ClassificationMetricArtifact(f1_score=0.9909377863761328, precision_score=0.987619240917394, recall_score=0.9942787086228034), test_metric_artifact=ClassificationMetricArtifact(f1_score=0.9779353821907013, precision_score=0.9733333333333334, recall_score=0.9825811559778306))
[ 2025-08-04 18:50:59,419 ] 43 root - INFO - Model Training Artifact created
